<?xml version="1.0" encoding="UTF-8"?>
<!-- Generated by org.testng.reporters.JUnitReportReporter -->
<testsuite hostname="LAPTOP-QF45DOT0" failures="0" tests="9" name="com.edu.qa.testcases.LoginPageTest" time="65.156" errors="0" timestamp="27 Oct 2021 08:40:20 GMT" skipped="0">
  <testcase classname="com.edu.qa.testcases.LoginPageTest" name="landingPageTitleTest" time="6.653"/>
  <testcase classname="com.edu.qa.testcases.LoginPageTest" name="loginPageTitleTest" time="6.990"/>
  <testcase classname="com.edu.qa.testcases.LoginPageTest" name="loginLogoImageTest" time="7.241"/>
  <testcase classname="com.edu.qa.testcases.LoginPageTest" name="loginTestInvalid" time="7.851"/>
  <testcase classname="com.edu.qa.testcases.LoginPageTest" name="loginTestInvalid" time="7.451"/>
  <testcase classname="com.edu.qa.testcases.LoginPageTest" name="PasswordviewIcon" time="6.885"/>
  <testcase classname="com.edu.qa.testcases.LoginPageTest" name="PasswordviewIcon" time="6.819"/>
  <testcase classname="com.edu.qa.testcases.LoginPageTest" name="loginTest" time="7.557"/>
  <testcase classname="com.edu.qa.testcases.LoginPageTest" name="logoutTest" time="7.709"/>
</testsuite> <!-- com.edu.qa.testcases.LoginPageTest -->
