<?xml version="1.0" encoding="UTF-8"?>
<!-- Generated by org.testng.reporters.JUnitReportReporter -->
<testsuite skipped="0" hostname="LAPTOP-QF45DOT0" name="com.edu.qa.testcases.ForgotPasswordTest" tests="1" failures="0" timestamp="27 Sep 2021 16:54:30 GMT" time="6.997" errors="0">
  <testcase name="ForgotPassword" time="6.997" classname="com.edu.qa.testcases.ForgotPasswordTest"/>
</testsuite> <!-- com.edu.qa.testcases.ForgotPasswordTest -->
