<?xml version="1.0" encoding="UTF-8"?>
<!-- Generated by org.testng.reporters.JUnitReportReporter -->
<testsuite hostname="LAPTOP-QF45DOT0" failures="0" tests="2" name="com.edu.qa.testcases.UserProfileTest" time="16.293" errors="0" timestamp="27 Oct 2021 08:40:20 GMT" skipped="0">
  <testcase classname="com.edu.qa.testcases.UserProfileTest" name="VerifyUserProfileInformation" time="7.482"/>
  <testcase classname="com.edu.qa.testcases.UserProfileTest" name="EditUserProfileInformation" time="8.811"/>
</testsuite> <!-- com.edu.qa.testcases.UserProfileTest -->
